{"/home/cercena/tech-challenge/src/app.js": {"path":"/home/cercena/tech-challenge/src/app.js","statementMap":{"0":{"start":{"line":4,"column":12},"end":{"line":4,"column":21}},"1":{"start":{"line":6,"column":0},"end":{"line":6,"column":24}},"2":{"start":{"line":7,"column":0},"end":{"line":7,"column":31}}},"fnMap":{},"branchMap":{},"s":{"0":1,"1":1,"2":1},"f":{},"b":{},"_coverageSchema":"1a1c01bbd47fc00a2c39e90264f33305004495a9","hash":"ff1552205f2a9119164950295fa069947a7351dc"}
,"/home/cercena/tech-challenge/src/database.js": {"path":"/home/cercena/tech-challenge/src/database.js","statementMap":{"0":{"start":{"line":3,"column":15},"end":{"line":3,"column":33}}},"fnMap":{},"branchMap":{},"s":{"0":1},"f":{},"b":{},"_coverageSchema":"1a1c01bbd47fc00a2c39e90264f33305004495a9","hash":"a2447ef25e1909e54dd9109a793ea558c5e31538"}
,"/home/cercena/tech-challenge/src/controllers/posts.controller.js": {"path":"/home/cercena/tech-challenge/src/controllers/posts.controller.js","statementMap":{"0":{"start":{"line":11,"column":37},"end":{"line":11,"column":45}},"1":{"start":{"line":13,"column":2},"end":{"line":29,"column":3}},"2":{"start":{"line":14,"column":4},"end":{"line":18,"column":5}},"3":{"start":{"line":15,"column":6},"end":{"line":17,"column":9}},"4":{"start":{"line":20,"column":17},"end":{"line":24,"column":6}},"5":{"start":{"line":26,"column":4},"end":{"line":26,"column":38}},"6":{"start":{"line":28,"column":4},"end":{"line":28,"column":16}},"7":{"start":{"line":34,"column":2},"end":{"line":39,"column":3}},"8":{"start":{"line":35,"column":18},"end":{"line":35,"column":41}},"9":{"start":{"line":36,"column":4},"end":{"line":36,"column":20}},"10":{"start":{"line":38,"column":4},"end":{"line":38,"column":16}},"11":{"start":{"line":44,"column":17},"end":{"line":44,"column":27}},"12":{"start":{"line":46,"column":2},"end":{"line":58,"column":3}},"13":{"start":{"line":47,"column":17},"end":{"line":47,"column":41}},"14":{"start":{"line":49,"column":4},"end":{"line":53,"column":5}},"15":{"start":{"line":50,"column":6},"end":{"line":52,"column":9}},"16":{"start":{"line":55,"column":4},"end":{"line":55,"column":26}},"17":{"start":{"line":57,"column":4},"end":{"line":57,"column":16}},"18":{"start":{"line":64,"column":17},"end":{"line":64,"column":27}},"19":{"start":{"line":65,"column":37},"end":{"line":65,"column":45}},"20":{"start":{"line":67,"column":2},"end":{"line":81,"column":3}},"21":{"start":{"line":68,"column":4},"end":{"line":70,"column":5}},"22":{"start":{"line":69,"column":6},"end":{"line":69,"column":60}},"23":{"start":{"line":72,"column":17},"end":{"line":76,"column":6}},"24":{"start":{"line":78,"column":4},"end":{"line":78,"column":26}},"25":{"start":{"line":80,"column":4},"end":{"line":80,"column":16}},"26":{"start":{"line":86,"column":17},"end":{"line":86,"column":27}},"27":{"start":{"line":88,"column":2},"end":{"line":100,"column":3}},"28":{"start":{"line":89,"column":4},"end":{"line":91,"column":5}},"29":{"start":{"line":90,"column":6},"end":{"line":90,"column":60}},"30":{"start":{"line":93,"column":4},"end":{"line":93,"column":32}},"31":{"start":{"line":95,"column":4},"end":{"line":97,"column":7}},"32":{"start":{"line":99,"column":4},"end":{"line":99,"column":16}},"33":{"start":{"line":105,"column":16},"end":{"line":105,"column":25}},"34":{"start":{"line":107,"column":2},"end":{"line":119,"column":3}},"35":{"start":{"line":108,"column":4},"end":{"line":112,"column":5}},"36":{"start":{"line":109,"column":6},"end":{"line":111,"column":9}},"37":{"start":{"line":114,"column":18},"end":{"line":114,"column":45}},"38":{"start":{"line":116,"column":4},"end":{"line":116,"column":27}},"39":{"start":{"line":118,"column":4},"end":{"line":118,"column":16}}},"fnMap":{"0":{"name":"createPost","decl":{"start":{"line":10,"column":22},"end":{"line":10,"column":32}},"loc":{"start":{"line":10,"column":49},"end":{"line":30,"column":1}},"line":10},"1":{"name":"getPosts","decl":{"start":{"line":33,"column":22},"end":{"line":33,"column":30}},"loc":{"start":{"line":33,"column":47},"end":{"line":40,"column":1}},"line":33},"2":{"name":"getPost","decl":{"start":{"line":43,"column":22},"end":{"line":43,"column":29}},"loc":{"start":{"line":43,"column":46},"end":{"line":59,"column":1}},"line":43},"3":{"name":"updatePost","decl":{"start":{"line":63,"column":22},"end":{"line":63,"column":32}},"loc":{"start":{"line":63,"column":49},"end":{"line":82,"column":1}},"line":63},"4":{"name":"deletePost","decl":{"start":{"line":85,"column":22},"end":{"line":85,"column":32}},"loc":{"start":{"line":85,"column":49},"end":{"line":101,"column":1}},"line":85},"5":{"name":"searchPosts","decl":{"start":{"line":104,"column":22},"end":{"line":104,"column":33}},"loc":{"start":{"line":104,"column":50},"end":{"line":120,"column":1}},"line":104}},"branchMap":{"0":{"loc":{"start":{"line":14,"column":4},"end":{"line":18,"column":5}},"type":"if","locations":[{"start":{"line":14,"column":4},"end":{"line":18,"column":5}},{"start":{},"end":{}}],"line":14},"1":{"loc":{"start":{"line":14,"column":8},"end":{"line":14,"column":37}},"type":"binary-expr","locations":[{"start":{"line":14,"column":8},"end":{"line":14,"column":14}},{"start":{"line":14,"column":18},"end":{"line":14,"column":26}},{"start":{"line":14,"column":30},"end":{"line":14,"column":37}}],"line":14},"2":{"loc":{"start":{"line":49,"column":4},"end":{"line":53,"column":5}},"type":"if","locations":[{"start":{"line":49,"column":4},"end":{"line":53,"column":5}},{"start":{},"end":{}}],"line":49},"3":{"loc":{"start":{"line":68,"column":4},"end":{"line":70,"column":5}},"type":"if","locations":[{"start":{"line":68,"column":4},"end":{"line":70,"column":5}},{"start":{},"end":{}}],"line":68},"4":{"loc":{"start":{"line":89,"column":4},"end":{"line":91,"column":5}},"type":"if","locations":[{"start":{"line":89,"column":4},"end":{"line":91,"column":5}},{"start":{},"end":{}}],"line":89},"5":{"loc":{"start":{"line":108,"column":4},"end":{"line":112,"column":5}},"type":"if","locations":[{"start":{"line":108,"column":4},"end":{"line":112,"column":5}},{"start":{},"end":{}}],"line":108}},"s":{"0":6,"1":6,"2":6,"3":1,"4":5,"5":5,"6":0,"7":1,"8":1,"9":1,"10":0,"11":2,"12":2,"13":2,"14":2,"15":1,"16":1,"17":0,"18":1,"19":1,"20":1,"21":1,"22":0,"23":1,"24":1,"25":0,"26":1,"27":1,"28":1,"29":0,"30":1,"31":1,"32":0,"33":1,"34":1,"35":1,"36":0,"37":1,"38":1,"39":0},"f":{"0":6,"1":1,"2":2,"3":1,"4":1,"5":1},"b":{"0":[1,5],"1":[6,5,5],"2":[1,1],"3":[0,1],"4":[0,1],"5":[0,1]},"_coverageSchema":"1a1c01bbd47fc00a2c39e90264f33305004495a9","hash":"eb5a961b7645327525ab9ef76514aec03f339357"}
,"/home/cercena/tech-challenge/src/routes/posts.routes.js": {"path":"/home/cercena/tech-challenge/src/routes/posts.routes.js","statementMap":{"0":{"start":{"line":4,"column":15},"end":{"line":4,"column":23}},"1":{"start":{"line":6,"column":0},"end":{"line":6,"column":29}},"2":{"start":{"line":7,"column":0},"end":{"line":7,"column":26}},"3":{"start":{"line":8,"column":0},"end":{"line":8,"column":35}},"4":{"start":{"line":9,"column":0},"end":{"line":9,"column":28}},"5":{"start":{"line":10,"column":0},"end":{"line":10,"column":31}},"6":{"start":{"line":11,"column":0},"end":{"line":11,"column":34}}},"fnMap":{},"branchMap":{},"s":{"0":1,"1":1,"2":1,"3":1,"4":1,"5":1,"6":1},"f":{},"b":{},"_coverageSchema":"1a1c01bbd47fc00a2c39e90264f33305004495a9","hash":"3bd97d608bae32aa852171b735a4a29e799fea7e"}
,"/home/cercena/tech-challenge/src/services/create-post.service.js": {"path":"/home/cercena/tech-challenge/src/services/create-post.service.js","statementMap":{"0":{"start":{"line":4,"column":15},"end":{"line":10,"column":4}},"1":{"start":{"line":12,"column":2},"end":{"line":12,"column":14}}},"fnMap":{"0":{"name":"createPostService","decl":{"start":{"line":3,"column":22},"end":{"line":3,"column":39}},"loc":{"start":{"line":3,"column":68},"end":{"line":13,"column":1}},"line":3}},"branchMap":{},"s":{"0":5,"1":5},"f":{"0":5},"b":{},"_coverageSchema":"1a1c01bbd47fc00a2c39e90264f33305004495a9","hash":"8b91c039396f849c5412c6f9fd7ec160aada21e7"}
,"/home/cercena/tech-challenge/src/services/delete-post.service.js": {"path":"/home/cercena/tech-challenge/src/services/delete-post.service.js","statementMap":{"0":{"start":{"line":4,"column":2},"end":{"line":6,"column":5}}},"fnMap":{"0":{"name":"deletePostService","decl":{"start":{"line":3,"column":22},"end":{"line":3,"column":39}},"loc":{"start":{"line":3,"column":44},"end":{"line":7,"column":1}},"line":3}},"branchMap":{},"s":{"0":1},"f":{"0":1},"b":{},"_coverageSchema":"1a1c01bbd47fc00a2c39e90264f33305004495a9","hash":"b7038cbff67180d706db64ad5cf58b4c9ffe4065"}
,"/home/cercena/tech-challenge/src/services/get-post.service.js": {"path":"/home/cercena/tech-challenge/src/services/get-post.service.js","statementMap":{"0":{"start":{"line":4,"column":15},"end":{"line":8,"column":4}},"1":{"start":{"line":10,"column":2},"end":{"line":10,"column":14}}},"fnMap":{"0":{"name":"getPostService","decl":{"start":{"line":3,"column":22},"end":{"line":3,"column":36}},"loc":{"start":{"line":3,"column":41},"end":{"line":11,"column":1}},"line":3}},"branchMap":{},"s":{"0":2,"1":2},"f":{"0":2},"b":{},"_coverageSchema":"1a1c01bbd47fc00a2c39e90264f33305004495a9","hash":"d5e15e893cd602cfaa619cce21b3d9c3b757c389"}
,"/home/cercena/tech-challenge/src/services/get-posts.service.js": {"path":"/home/cercena/tech-challenge/src/services/get-posts.service.js","statementMap":{"0":{"start":{"line":4,"column":4},"end":{"line":4,"column":40}}},"fnMap":{"0":{"name":"getPostsService","decl":{"start":{"line":3,"column":22},"end":{"line":3,"column":37}},"loc":{"start":{"line":3,"column":40},"end":{"line":5,"column":1}},"line":3}},"branchMap":{},"s":{"0":1},"f":{"0":1},"b":{},"_coverageSchema":"1a1c01bbd47fc00a2c39e90264f33305004495a9","hash":"a2f9577003ab5ccca3b516fcec69c4a67ac7c60f"}
,"/home/cercena/tech-challenge/src/services/search-post.service.js": {"path":"/home/cercena/tech-challenge/src/services/search-post.service.js","statementMap":{"0":{"start":{"line":4,"column":4},"end":{"line":21,"column":7}}},"fnMap":{"0":{"name":"searchPostsService","decl":{"start":{"line":3,"column":22},"end":{"line":3,"column":40}},"loc":{"start":{"line":3,"column":48},"end":{"line":22,"column":1}},"line":3}},"branchMap":{},"s":{"0":1},"f":{"0":1},"b":{},"_coverageSchema":"1a1c01bbd47fc00a2c39e90264f33305004495a9","hash":"08c0ab6d01c2a1bba5ad7bccb23cbd0dce039c70"}
,"/home/cercena/tech-challenge/src/services/update-post.service.js": {"path":"/home/cercena/tech-challenge/src/services/update-post.service.js","statementMap":{"0":{"start":{"line":4,"column":2},"end":{"line":7,"column":5}}},"fnMap":{"0":{"name":"updatePostService","decl":{"start":{"line":3,"column":22},"end":{"line":3,"column":39}},"loc":{"start":{"line":3,"column":50},"end":{"line":8,"column":1}},"line":3}},"branchMap":{},"s":{"0":1},"f":{"0":1},"b":{},"_coverageSchema":"1a1c01bbd47fc00a2c39e90264f33305004495a9","hash":"dae27ec546ed48d3336a4a02a792dbb818892884"}
}
