TN:
SF:src/app.js
FNF:0
FNH:0
DA:4,1
DA:6,1
DA:7,1
LF:3
LH:3
BRF:0
BRH:0
end_of_record
TN:
SF:src/database.js
FNF:0
FNH:0
DA:3,1
LF:1
LH:1
BRF:0
BRH:0
end_of_record
TN:
SF:src/controllers/posts.controller.js
FN:10,createPost
FN:33,getPosts
FN:43,getPost
FN:63,updatePost
FN:85,deletePost
FN:104,searchPosts
FNF:6
FNH:6
FNDA:6,createPost
FNDA:1,getPosts
FNDA:2,getPost
FNDA:1,updatePost
FNDA:1,deletePost
FNDA:1,searchPosts
DA:11,6
DA:13,6
DA:14,6
DA:15,1
DA:20,5
DA:26,5
DA:28,0
DA:34,1
DA:35,1
DA:36,1
DA:38,0
DA:44,2
DA:46,2
DA:47,2
DA:49,2
DA:50,1
DA:55,1
DA:57,0
DA:64,1
DA:65,1
DA:67,1
DA:68,1
DA:69,0
DA:72,1
DA:78,1
DA:80,0
DA:86,1
DA:88,1
DA:89,1
DA:90,0
DA:93,1
DA:95,1
DA:99,0
DA:105,1
DA:107,1
DA:108,1
DA:109,0
DA:114,1
DA:116,1
DA:118,0
LF:40
LH:31
BRDA:14,0,0,1
BRDA:14,0,1,5
BRDA:14,1,0,6
BRDA:14,1,1,5
BRDA:14,1,2,5
BRDA:49,2,0,1
BRDA:49,2,1,1
BRDA:68,3,0,0
BRDA:68,3,1,1
BRDA:89,4,0,0
BRDA:89,4,1,1
BRDA:108,5,0,0
BRDA:108,5,1,1
BRF:13
BRH:10
end_of_record
TN:
SF:src/routes/posts.routes.js
FNF:0
FNH:0
DA:4,1
DA:6,1
DA:7,1
DA:8,1
DA:9,1
DA:10,1
DA:11,1
LF:7
LH:7
BRF:0
BRH:0
end_of_record
TN:
SF:src/services/create-post.service.js
FN:3,createPostService
FNF:1
FNH:1
FNDA:5,createPostService
DA:4,5
DA:12,5
LF:2
LH:2
BRF:0
BRH:0
end_of_record
TN:
SF:src/services/delete-post.service.js
FN:3,deletePostService
FNF:1
FNH:1
FNDA:1,deletePostService
DA:4,1
LF:1
LH:1
BRF:0
BRH:0
end_of_record
TN:
SF:src/services/get-post.service.js
FN:3,getPostService
FNF:1
FNH:1
FNDA:2,getPostService
DA:4,2
DA:10,2
LF:2
LH:2
BRF:0
BRH:0
end_of_record
TN:
SF:src/services/get-posts.service.js
FN:3,getPostsService
FNF:1
FNH:1
FNDA:1,getPostsService
DA:4,1
LF:1
LH:1
BRF:0
BRH:0
end_of_record
TN:
SF:src/services/search-post.service.js
FN:3,searchPostsService
FNF:1
FNH:1
FNDA:1,searchPostsService
DA:4,1
LF:1
LH:1
BRF:0
BRH:0
end_of_record
TN:
SF:src/services/update-post.service.js
FN:3,updatePostService
FNF:1
FNH:1
FNDA:1,updatePostService
DA:4,1
LF:1
LH:1
BRF:0
BRH:0
end_of_record
